<?xml version="1.0" encoding="UTF-8"?>
<coverage generated="1774036117447" clover="3.2.0">
  <project timestamp="1774036117447" name="All files">
    <metrics statements="124" coveredstatements="105" conditionals="46" coveredconditionals="42" methods="27" coveredmethods="25" elements="197" coveredelements="172" complexity="0" loc="124" ncloc="124" packages="1" files="4" classes="4"/>
    <file name="CommandHandler.ts" path="/app/src/CommandHandler.ts">
      <metrics statements="34" coveredstatements="34" conditionals="16" coveredconditionals="16" methods="10" coveredmethods="10"/>
      <line num="1" count="1" type="stmt"/>
      <line num="7" count="1" type="stmt"/>
      <line num="11" count="14" type="stmt"/>
      <line num="20" count="45" type="stmt"/>
      <line num="21" count="45" type="cond" truecount="1" falsecount="0"/>
      <line num="23" count="44" type="stmt"/>
      <line num="24" count="44" type="stmt"/>
      <line num="26" count="44" type="cond" truecount="9" falsecount="0"/>
      <line num="28" count="11" type="stmt"/>
      <line num="31" count="23" type="stmt"/>
      <line num="34" count="1" type="stmt"/>
      <line num="37" count="1" type="stmt"/>
      <line num="40" count="2" type="stmt"/>
      <line num="43" count="2" type="stmt"/>
      <line num="46" count="2" type="stmt"/>
      <line num="49" count="1" type="stmt"/>
      <line num="52" count="1" type="stmt"/>
      <line num="59" count="11" type="stmt"/>
      <line num="60" count="11" type="stmt"/>
      <line num="64" count="23" type="stmt"/>
      <line num="65" count="23" type="stmt"/>
      <line num="69" count="1" type="stmt"/>
      <line num="70" count="1" type="stmt"/>
      <line num="74" count="1" type="stmt"/>
      <line num="75" count="1" type="stmt"/>
      <line num="76" count="1" type="stmt"/>
      <line num="77" count="2" type="stmt"/>
      <line num="79" count="1" type="stmt"/>
      <line num="83" count="2" type="stmt"/>
      <line num="84" count="2" type="cond" truecount="2" falsecount="0"/>
      <line num="88" count="2" type="stmt"/>
      <line num="89" count="2" type="cond" truecount="2" falsecount="0"/>
      <line num="93" count="2" type="stmt"/>
      <line num="94" count="2" type="cond" truecount="2" falsecount="0"/>
    </file>
    <file name="MinHeap.ts" path="/app/src/MinHeap.ts">
      <metrics statements="31" coveredstatements="31" conditionals="11" coveredconditionals="11" methods="7" coveredmethods="7"/>
      <line num="5" count="3" type="stmt"/>
      <line num="13" count="37" type="stmt"/>
      <line num="14" count="37" type="stmt"/>
      <line num="15" count="93" type="stmt"/>
      <line num="23" count="14" type="stmt"/>
      <line num="30" count="4" type="stmt"/>
      <line num="37" count="108" type="stmt"/>
      <line num="38" count="108" type="stmt"/>
      <line num="45" count="63" type="cond" truecount="1" falsecount="0"/>
      <line num="46" count="59" type="cond" truecount="1" falsecount="0"/>
      <line num="48" count="44" type="stmt"/>
      <line num="49" count="44" type="stmt"/>
      <line num="50" count="44" type="stmt"/>
      <line num="51" count="44" type="stmt"/>
      <line num="57" count="108" type="stmt"/>
      <line num="58" count="76" type="stmt"/>
      <line num="59" count="76" type="cond" truecount="1" falsecount="0"/>
      <line num="60" count="14" type="stmt"/>
      <line num="61" count="14" type="stmt"/>
      <line num="66" count="44" type="stmt"/>
      <line num="67" count="44" type="stmt"/>
      <line num="68" count="64" type="stmt"/>
      <line num="69" count="64" type="stmt"/>
      <line num="70" count="64" type="stmt"/>
      <line num="72" count="64" type="cond" truecount="3" falsecount="0"/>
      <line num="73" count="20" type="stmt"/>
      <line num="75" count="64" type="cond" truecount="3" falsecount="0"/>
      <line num="76" count="1" type="stmt"/>
      <line num="78" count="64" type="cond" truecount="1" falsecount="0"/>
      <line num="80" count="20" type="stmt"/>
      <line num="81" count="20" type="stmt"/>
    </file>
    <file name="ParkingLot.ts" path="/app/src/ParkingLot.ts">
      <metrics statements="40" coveredstatements="40" conditionals="15" coveredconditionals="15" methods="8" coveredmethods="8"/>
      <line num="1" count="2" type="stmt"/>
      <line num="33" count="2" type="stmt"/>
      <line num="43" count="28" type="stmt"/>
      <line num="45" count="28" type="stmt"/>
      <line num="47" count="28" type="stmt"/>
      <line num="48" count="28" type="stmt"/>
      <line num="49" count="82" type="stmt"/>
      <line num="51" count="28" type="stmt"/>
      <line num="58" count="1" type="stmt"/>
      <line num="65" count="50" type="stmt"/>
      <line num="66" count="50" type="cond" truecount="1" falsecount="0"/>
      <line num="67" count="2" type="stmt"/>
      <line num="69" count="48" type="stmt"/>
      <line num="70" count="48" type="stmt"/>
      <line num="77" count="6" type="cond" truecount="4" falsecount="0"/>
      <line num="78" count="1" type="stmt"/>
      <line num="80" count="5" type="stmt"/>
      <line num="81" count="5" type="stmt"/>
      <line num="82" count="5" type="stmt"/>
      <line num="89" count="4" type="stmt"/>
      <line num="90" count="4" type="stmt"/>
      <line num="91" count="12" type="cond" truecount="1" falsecount="0"/>
      <line num="92" count="5" type="stmt"/>
      <line num="99" count="4" type="stmt"/>
      <line num="106" count="5" type="stmt"/>
      <line num="107" count="5" type="stmt"/>
      <line num="108" count="5" type="stmt"/>
      <line num="109" count="15" type="cond" truecount="3" falsecount="0"/>
      <line num="110" count="5" type="stmt"/>
      <line num="113" count="5" type="stmt"/>
      <line num="120" count="4" type="stmt"/>
      <line num="121" count="4" type="stmt"/>
      <line num="122" count="4" type="stmt"/>
      <line num="123" count="12" type="cond" truecount="3" falsecount="0"/>
      <line num="124" count="4" type="stmt"/>
      <line num="127" count="4" type="stmt"/>
      <line num="134" count="4" type="stmt"/>
      <line num="135" count="9" type="cond" truecount="3" falsecount="0"/>
      <line num="136" count="2" type="stmt"/>
      <line num="139" count="2" type="stmt"/>
    </file>
    <file name="index.ts" path="/app/src/index.ts">
      <metrics statements="19" coveredstatements="0" conditionals="4" coveredconditionals="0" methods="2" coveredmethods="0"/>
      <line num="1" count="0" type="stmt"/>
      <line num="2" count="0" type="stmt"/>
      <line num="3" count="0" type="stmt"/>
      <line num="7" count="0" type="stmt"/>
      <line num="13" count="0" type="stmt"/>
      <line num="14" count="0" type="cond" truecount="0" falsecount="1"/>
      <line num="15" count="0" type="stmt"/>
      <line num="19" count="0" type="stmt"/>
      <line num="21" count="0" type="cond" truecount="0" falsecount="2"/>
      <line num="23" count="0" type="stmt"/>
      <line num="24" count="0" type="stmt"/>
      <line num="25" count="0" type="stmt"/>
      <line num="26" count="0" type="stmt"/>
      <line num="30" count="0" type="stmt"/>
      <line num="36" count="0" type="stmt"/>
      <line num="37" count="0" type="cond" truecount="0" falsecount="1"/>
      <line num="38" count="0" type="stmt"/>
      <line num="39" count="0" type="stmt"/>
      <line num="41" count="0" type="stmt"/>
    </file>
  </project>
</coverage>
