{"/Users/leon/WorkSpace/parking_lot_assignment/src/CommandHandler.ts": {"path":"/Users/leon/WorkSpace/parking_lot_assignment/src/CommandHandler.ts","statementMap":{"0":{"start":{"line":1,"column":0},"end":{"line":1,"column":42}},"1":{"start":{"line":11,"column":4},"end":{"line":11,"column":28}},"2":{"start":{"line":20,"column":20},"end":{"line":20,"column":31}},"3":{"start":{"line":21,"column":4},"end":{"line":21,"column":30}},"4":{"start":{"line":21,"column":18},"end":{"line":21,"column":30}},"5":{"start":{"line":23,"column":18},"end":{"line":23,"column":38}},"6":{"start":{"line":24,"column":20},"end":{"line":24,"column":28}},"7":{"start":{"line":26,"column":4},"end":{"line":53,"column":5}},"8":{"start":{"line":28,"column":8},"end":{"line":28,"column":62}},"9":{"start":{"line":31,"column":8},"end":{"line":31,"column":46}},"10":{"start":{"line":34,"column":8},"end":{"line":34,"column":51}},"11":{"start":{"line":37,"column":8},"end":{"line":37,"column":30}},"12":{"start":{"line":40,"column":8},"end":{"line":40,"column":68}},"13":{"start":{"line":43,"column":8},"end":{"line":43,"column":60}},"14":{"start":{"line":46,"column":8},"end":{"line":46,"column":63}},"15":{"start":{"line":49,"column":8},"end":{"line":49,"column":20}},"16":{"start":{"line":52,"column":8},"end":{"line":52,"column":45}},"17":{"start":{"line":59,"column":4},"end":{"line":59,"column":48}},"18":{"start":{"line":60,"column":4},"end":{"line":60,"column":58}},"19":{"start":{"line":64,"column":19},"end":{"line":64,"column":69}},"20":{"start":{"line":65,"column":4},"end":{"line":65,"column":26}},"21":{"start":{"line":69,"column":19},"end":{"line":69,"column":54}},"22":{"start":{"line":70,"column":4},"end":{"line":70,"column":26}},"23":{"start":{"line":74,"column":20},"end":{"line":74,"column":46}},"24":{"start":{"line":75,"column":19},"end":{"line":75,"column":82}},"25":{"start":{"line":76,"column":17},"end":{"line":77,"column":null}},"26":{"start":{"line":77,"column":13},"end":{"line":77,"column":83}},"27":{"start":{"line":79,"column":4},"end":{"line":79,"column":40}},"28":{"start":{"line":83,"column":20},"end":{"line":83,"column":82}},"29":{"start":{"line":84,"column":4},"end":{"line":84,"column":65}},"30":{"start":{"line":88,"column":18},"end":{"line":88,"column":72}},"31":{"start":{"line":89,"column":4},"end":{"line":89,"column":61}},"32":{"start":{"line":93,"column":17},"end":{"line":93,"column":86}},"33":{"start":{"line":94,"column":4},"end":{"line":94,"column":54}},"34":{"start":{"line":7,"column":0},"end":{"line":7,"column":13}}},"fnMap":{"0":{"name":"(anonymous_0)","decl":{"start":{"line":10,"column":2},"end":{"line":10,"column":null}},"loc":{"start":{"line":10,"column":2},"end":{"line":12,"column":3}}},"1":{"name":"(anonymous_1)","decl":{"start":{"line":19,"column":2},"end":{"line":19,"column":9}},"loc":{"start":{"line":19,"column":22},"end":{"line":54,"column":3}}},"2":{"name":"(anonymous_2)","decl":{"start":{"line":58,"column":10},"end":{"line":58,"column":27}},"loc":{"start":{"line":58,"column":44},"end":{"line":61,"column":3}}},"3":{"name":"(anonymous_3)","decl":{"start":{"line":63,"column":10},"end":{"line":63,"column":15}},"loc":{"start":{"line":63,"column":58},"end":{"line":66,"column":3}}},"4":{"name":"(anonymous_4)","decl":{"start":{"line":68,"column":10},"end":{"line":68,"column":16}},"loc":{"start":{"line":68,"column":35},"end":{"line":71,"column":3}}},"5":{"name":"(anonymous_5)","decl":{"start":{"line":73,"column":10},"end":{"line":73,"column":17}},"loc":{"start":{"line":73,"column":17},"end":{"line":80,"column":3}}},"6":{"name":"(anonymous_6)","decl":{"start":{"line":77,"column":6},"end":{"line":77,"column":7}},"loc":{"start":{"line":77,"column":13},"end":{"line":77,"column":83}}},"7":{"name":"(anonymous_7)","decl":{"start":{"line":82,"column":10},"end":{"line":82,"column":47}},"loc":{"start":{"line":82,"column":62},"end":{"line":85,"column":3}}},"8":{"name":"(anonymous_8)","decl":{"start":{"line":87,"column":10},"end":{"line":87,"column":39}},"loc":{"start":{"line":87,"column":54},"end":{"line":90,"column":3}}},"9":{"name":"(anonymous_9)","decl":{"start":{"line":92,"column":10},"end":{"line":92,"column":42}},"loc":{"start":{"line":92,"column":69},"end":{"line":95,"column":3}}}},"branchMap":{"0":{"loc":{"start":{"line":21,"column":4},"end":{"line":21,"column":30}},"type":"if","locations":[{"start":{"line":21,"column":4},"end":{"line":21,"column":30}}]},"1":{"loc":{"start":{"line":26,"column":4},"end":{"line":53,"column":5}},"type":"switch","locations":[{"start":{"line":27,"column":6},"end":{"line":28,"column":62}},{"start":{"line":30,"column":6},"end":{"line":31,"column":46}},{"start":{"line":33,"column":6},"end":{"line":34,"column":51}},{"start":{"line":36,"column":6},"end":{"line":37,"column":30}},{"start":{"line":39,"column":6},"end":{"line":40,"column":68}},{"start":{"line":42,"column":6},"end":{"line":43,"column":60}},{"start":{"line":45,"column":6},"end":{"line":46,"column":63}},{"start":{"line":48,"column":6},"end":{"line":49,"column":20}},{"start":{"line":51,"column":6},"end":{"line":52,"column":45}}]},"2":{"loc":{"start":{"line":84,"column":11},"end":{"line":84,"column":64}},"type":"cond-expr","locations":[{"start":{"line":84,"column":32},"end":{"line":84,"column":50}},{"start":{"line":84,"column":53},"end":{"line":84,"column":64}}]},"3":{"loc":{"start":{"line":89,"column":11},"end":{"line":89,"column":60}},"type":"cond-expr","locations":[{"start":{"line":89,"column":30},"end":{"line":89,"column":46}},{"start":{"line":89,"column":49},"end":{"line":89,"column":60}}]},"4":{"loc":{"start":{"line":94,"column":11},"end":{"line":94,"column":53}},"type":"cond-expr","locations":[{"start":{"line":94,"column":27},"end":{"line":94,"column":39}},{"start":{"line":94,"column":42},"end":{"line":94,"column":53}}]}},"s":{"0":1,"1":14,"2":45,"3":45,"4":1,"5":44,"6":44,"7":44,"8":11,"9":23,"10":1,"11":1,"12":2,"13":2,"14":2,"15":1,"16":1,"17":11,"18":11,"19":23,"20":23,"21":1,"22":1,"23":1,"24":1,"25":1,"26":2,"27":1,"28":2,"29":2,"30":2,"31":2,"32":2,"33":2,"34":1},"f":{"0":14,"1":45,"2":11,"3":23,"4":1,"5":1,"6":2,"7":2,"8":2,"9":2},"b":{"0":[1],"1":[11,23,1,1,2,2,2,1,1],"2":[1,1],"3":[1,1],"4":[1,1]}}
,"/Users/leon/WorkSpace/parking_lot_assignment/src/MinHeap.ts": {"path":"/Users/leon/WorkSpace/parking_lot_assignment/src/MinHeap.ts","statementMap":{"0":{"start":{"line":13,"column":4},"end":{"line":13,"column":20}},"1":{"start":{"line":14,"column":4},"end":{"line":16,"column":5}},"2":{"start":{"line":15,"column":6},"end":{"line":15,"column":24}},"3":{"start":{"line":23,"column":4},"end":{"line":23,"column":29}},"4":{"start":{"line":30,"column":4},"end":{"line":30,"column":25}},"5":{"start":{"line":37,"column":4},"end":{"line":37,"column":27}},"6":{"start":{"line":38,"column":4},"end":{"line":38,"column":42}},"7":{"start":{"line":45,"column":4},"end":{"line":45,"column":50}},"8":{"start":{"line":45,"column":33},"end":{"line":45,"column":50}},"9":{"start":{"line":46,"column":4},"end":{"line":46,"column":57}},"10":{"start":{"line":46,"column":33},"end":{"line":46,"column":57}},"11":{"start":{"line":48,"column":16},"end":{"line":48,"column":29}},"12":{"start":{"line":49,"column":4},"end":{"line":49,"column":38}},"13":{"start":{"line":50,"column":4},"end":{"line":50,"column":22}},"14":{"start":{"line":51,"column":4},"end":{"line":51,"column":15}},"15":{"start":{"line":57,"column":4},"end":{"line":62,"column":5}},"16":{"start":{"line":58,"column":26},"end":{"line":58,"column":53}},"17":{"start":{"line":59,"column":6},"end":{"line":59,"column":62}},"18":{"start":{"line":59,"column":56},"end":{"line":59,"column":62}},"19":{"start":{"line":60,"column":6},"end":{"line":60,"column":98}},"20":{"start":{"line":61,"column":6},"end":{"line":61,"column":26}},"21":{"start":{"line":66,"column":19},"end":{"line":66,"column":36}},"22":{"start":{"line":67,"column":4},"end":{"line":82,"column":5}},"23":{"start":{"line":68,"column":21},"end":{"line":68,"column":26}},"24":{"start":{"line":69,"column":19},"end":{"line":69,"column":32}},"25":{"start":{"line":70,"column":20},"end":{"line":70,"column":33}},"26":{"start":{"line":72,"column":6},"end":{"line":74,"column":7}},"27":{"start":{"line":73,"column":8},"end":{"line":73,"column":24}},"28":{"start":{"line":75,"column":6},"end":{"line":77,"column":7}},"29":{"start":{"line":76,"column":8},"end":{"line":76,"column":25}},"30":{"start":{"line":78,"column":6},"end":{"line":78,"column":36}},"31":{"start":{"line":78,"column":30},"end":{"line":78,"column":36}},"32":{"start":{"line":80,"column":6},"end":{"line":80,"column":92}},"33":{"start":{"line":81,"column":6},"end":{"line":81,"column":23}},"34":{"start":{"line":5,"column":0},"end":{"line":5,"column":13}}},"fnMap":{"0":{"name":"(anonymous_0)","decl":{"start":{"line":12,"column":2},"end":{"line":12,"column":14}},"loc":{"start":{"line":12,"column":34},"end":{"line":17,"column":3}}},"1":{"name":"(anonymous_1)","decl":{"start":{"line":22,"column":2},"end":{"line":22,"column":6}},"loc":{"start":{"line":22,"column":10},"end":{"line":24,"column":3}}},"2":{"name":"(anonymous_2)","decl":{"start":{"line":29,"column":2},"end":{"line":29,"column":6}},"loc":{"start":{"line":29,"column":6},"end":{"line":31,"column":3}}},"3":{"name":"(anonymous_3)","decl":{"start":{"line":36,"column":2},"end":{"line":36,"column":8}},"loc":{"start":{"line":36,"column":22},"end":{"line":39,"column":3}}},"4":{"name":"(anonymous_4)","decl":{"start":{"line":44,"column":2},"end":{"line":44,"column":12}},"loc":{"start":{"line":44,"column":12},"end":{"line":52,"column":3}}},"5":{"name":"(anonymous_5)","decl":{"start":{"line":56,"column":10},"end":{"line":56,"column":19}},"loc":{"start":{"line":56,"column":33},"end":{"line":63,"column":3}}},"6":{"name":"(anonymous_6)","decl":{"start":{"line":65,"column":10},"end":{"line":65,"column":19}},"loc":{"start":{"line":65,"column":33},"end":{"line":83,"column":3}}}},"branchMap":{"0":{"loc":{"start":{"line":12,"column":14},"end":{"line":12,"column":34}},"type":"default-arg","locations":[{"start":{"line":12,"column":32},"end":{"line":12,"column":34}}]},"1":{"loc":{"start":{"line":45,"column":4},"end":{"line":45,"column":50}},"type":"if","locations":[{"start":{"line":45,"column":4},"end":{"line":45,"column":50}}]},"2":{"loc":{"start":{"line":46,"column":4},"end":{"line":46,"column":57}},"type":"if","locations":[{"start":{"line":46,"column":4},"end":{"line":46,"column":57}}]},"3":{"loc":{"start":{"line":59,"column":6},"end":{"line":59,"column":62}},"type":"if","locations":[{"start":{"line":59,"column":6},"end":{"line":59,"column":62}}]},"4":{"loc":{"start":{"line":72,"column":6},"end":{"line":74,"column":7}},"type":"if","locations":[{"start":{"line":72,"column":6},"end":{"line":74,"column":7}}]},"5":{"loc":{"start":{"line":72,"column":10},"end":{"line":72,"column":66}},"type":"binary-expr","locations":[{"start":{"line":72,"column":10},"end":{"line":72,"column":23}},{"start":{"line":72,"column":27},"end":{"line":72,"column":66}}]},"6":{"loc":{"start":{"line":75,"column":6},"end":{"line":77,"column":7}},"type":"if","locations":[{"start":{"line":75,"column":6},"end":{"line":77,"column":7}}]},"7":{"loc":{"start":{"line":75,"column":10},"end":{"line":75,"column":68}},"type":"binary-expr","locations":[{"start":{"line":75,"column":10},"end":{"line":75,"column":24}},{"start":{"line":75,"column":28},"end":{"line":75,"column":68}}]},"8":{"loc":{"start":{"line":78,"column":6},"end":{"line":78,"column":36}},"type":"if","locations":[{"start":{"line":78,"column":6},"end":{"line":78,"column":36}}]}},"s":{"0":37,"1":37,"2":93,"3":14,"4":4,"5":108,"6":108,"7":63,"8":4,"9":59,"10":15,"11":44,"12":44,"13":44,"14":44,"15":108,"16":76,"17":76,"18":62,"19":14,"20":14,"21":44,"22":44,"23":64,"24":64,"25":64,"26":64,"27":20,"28":64,"29":1,"30":64,"31":44,"32":20,"33":20,"34":3},"f":{"0":37,"1":14,"2":4,"3":108,"4":63,"5":108,"6":44},"b":{"0":[6],"1":[4],"2":[15],"3":[62],"4":[20],"5":[64,22],"6":[1],"7":[64,2],"8":[44]}}
,"/Users/leon/WorkSpace/parking_lot_assignment/src/ParkingLot.ts": {"path":"/Users/leon/WorkSpace/parking_lot_assignment/src/ParkingLot.ts","statementMap":{"0":{"start":{"line":1,"column":0},"end":{"line":1,"column":36}},"1":{"start":{"line":43,"column":4},"end":{"line":43,"column":30}},"2":{"start":{"line":45,"column":4},"end":{"line":45,"column":65}},"3":{"start":{"line":47,"column":34},"end":{"line":47,"column":36}},"4":{"start":{"line":48,"column":4},"end":{"line":50,"column":5}},"5":{"start":{"line":48,"column":17},"end":{"line":48,"column":18}},"6":{"start":{"line":49,"column":6},"end":{"line":49,"column":26}},"7":{"start":{"line":51,"column":4},"end":{"line":51,"column":52}},"8":{"start":{"line":58,"column":4},"end":{"line":58,"column":26}},"9":{"start":{"line":65,"column":17},"end":{"line":65,"column":50}},"10":{"start":{"line":66,"column":4},"end":{"line":68,"column":5}},"11":{"start":{"line":67,"column":6},"end":{"line":67,"column":71}},"12":{"start":{"line":69,"column":4},"end":{"line":69,"column":55}},"13":{"start":{"line":70,"column":4},"end":{"line":70,"column":78}},"14":{"start":{"line":77,"column":4},"end":{"line":79,"column":5}},"15":{"start":{"line":78,"column":6},"end":{"line":78,"column":86}},"16":{"start":{"line":80,"column":4},"end":{"line":80,"column":35}},"17":{"start":{"line":81,"column":4},"end":{"line":81,"column":44}},"18":{"start":{"line":82,"column":4},"end":{"line":82,"column":93}},"19":{"start":{"line":89,"column":34},"end":{"line":89,"column":36}},"20":{"start":{"line":90,"column":4},"end":{"line":98,"column":5}},"21":{"start":{"line":90,"column":17},"end":{"line":90,"column":18}},"22":{"start":{"line":91,"column":6},"end":{"line":97,"column":7}},"23":{"start":{"line":92,"column":8},"end":{"line":96,"column":11}},"24":{"start":{"line":99,"column":4},"end":{"line":99,"column":18}},"25":{"start":{"line":106,"column":24},"end":{"line":106,"column":44}},"26":{"start":{"line":107,"column":29},"end":{"line":107,"column":31}},"27":{"start":{"line":108,"column":4},"end":{"line":112,"column":5}},"28":{"start":{"line":108,"column":17},"end":{"line":108,"column":18}},"29":{"start":{"line":109,"column":6},"end":{"line":111,"column":7}},"30":{"start":{"line":110,"column":8},"end":{"line":110,"column":56}},"31":{"start":{"line":113,"column":4},"end":{"line":113,"column":18}},"32":{"start":{"line":120,"column":24},"end":{"line":120,"column":44}},"33":{"start":{"line":121,"column":29},"end":{"line":121,"column":31}},"34":{"start":{"line":122,"column":4},"end":{"line":126,"column":5}},"35":{"start":{"line":122,"column":17},"end":{"line":122,"column":18}},"36":{"start":{"line":123,"column":6},"end":{"line":125,"column":7}},"37":{"start":{"line":124,"column":8},"end":{"line":124,"column":23}},"38":{"start":{"line":127,"column":4},"end":{"line":127,"column":18}},"39":{"start":{"line":134,"column":4},"end":{"line":138,"column":5}},"40":{"start":{"line":134,"column":17},"end":{"line":134,"column":18}},"41":{"start":{"line":135,"column":6},"end":{"line":137,"column":7}},"42":{"start":{"line":136,"column":8},"end":{"line":136,"column":17}},"43":{"start":{"line":139,"column":4},"end":{"line":139,"column":16}},"44":{"start":{"line":33,"column":0},"end":{"line":33,"column":13}}},"fnMap":{"0":{"name":"(anonymous_0)","decl":{"start":{"line":42,"column":2},"end":{"line":42,"column":14}},"loc":{"start":{"line":42,"column":30},"end":{"line":52,"column":3}}},"1":{"name":"(anonymous_1)","decl":{"start":{"line":57,"column":2},"end":{"line":57,"column":6}},"loc":{"start":{"line":57,"column":14},"end":{"line":59,"column":3}}},"2":{"name":"(anonymous_2)","decl":{"start":{"line":64,"column":2},"end":{"line":64,"column":6}},"loc":{"start":{"line":64,"column":49},"end":{"line":71,"column":3}}},"3":{"name":"(anonymous_3)","decl":{"start":{"line":76,"column":2},"end":{"line":76,"column":7}},"loc":{"start":{"line":76,"column":26},"end":{"line":83,"column":3}}},"4":{"name":"(anonymous_4)","decl":{"start":{"line":88,"column":2},"end":{"line":88,"column":8}},"loc":{"start":{"line":88,"column":8},"end":{"line":100,"column":3}}},"5":{"name":"(anonymous_5)","decl":{"start":{"line":105,"column":2},"end":{"line":105,"column":38}},"loc":{"start":{"line":105,"column":53},"end":{"line":114,"column":3}}},"6":{"name":"(anonymous_6)","decl":{"start":{"line":119,"column":2},"end":{"line":119,"column":30}},"loc":{"start":{"line":119,"column":45},"end":{"line":128,"column":3}}},"7":{"name":"(anonymous_7)","decl":{"start":{"line":133,"column":2},"end":{"line":133,"column":33}},"loc":{"start":{"line":133,"column":60},"end":{"line":140,"column":3}}}},"branchMap":{"0":{"loc":{"start":{"line":66,"column":4},"end":{"line":68,"column":5}},"type":"if","locations":[{"start":{"line":66,"column":4},"end":{"line":68,"column":5}}]},"1":{"loc":{"start":{"line":77,"column":4},"end":{"line":79,"column":5}},"type":"if","locations":[{"start":{"line":77,"column":4},"end":{"line":79,"column":5}}]},"2":{"loc":{"start":{"line":77,"column":8},"end":{"line":77,"column":81}},"type":"binary-expr","locations":[{"start":{"line":77,"column":8},"end":{"line":77,"column":22}},{"start":{"line":77,"column":26},"end":{"line":77,"column":53}},{"start":{"line":77,"column":57},"end":{"line":77,"column":81}}]},"3":{"loc":{"start":{"line":91,"column":6},"end":{"line":97,"column":7}},"type":"if","locations":[{"start":{"line":91,"column":6},"end":{"line":97,"column":7}}]},"4":{"loc":{"start":{"line":109,"column":6},"end":{"line":111,"column":7}},"type":"if","locations":[{"start":{"line":109,"column":6},"end":{"line":111,"column":7}}]},"5":{"loc":{"start":{"line":109,"column":10},"end":{"line":109,"column":80}},"type":"binary-expr","locations":[{"start":{"line":109,"column":10},"end":{"line":109,"column":24}},{"start":{"line":109,"column":28},"end":{"line":109,"column":80}}]},"6":{"loc":{"start":{"line":123,"column":6},"end":{"line":125,"column":7}},"type":"if","locations":[{"start":{"line":123,"column":6},"end":{"line":125,"column":7}}]},"7":{"loc":{"start":{"line":123,"column":10},"end":{"line":123,"column":80}},"type":"binary-expr","locations":[{"start":{"line":123,"column":10},"end":{"line":123,"column":24}},{"start":{"line":123,"column":28},"end":{"line":123,"column":80}}]},"8":{"loc":{"start":{"line":135,"column":6},"end":{"line":137,"column":7}},"type":"if","locations":[{"start":{"line":135,"column":6},"end":{"line":137,"column":7}}]},"9":{"loc":{"start":{"line":135,"column":10},"end":{"line":135,"column":85}},"type":"binary-expr","locations":[{"start":{"line":135,"column":10},"end":{"line":135,"column":24}},{"start":{"line":135,"column":28},"end":{"line":135,"column":85}}]}},"s":{"0":2,"1":28,"2":28,"3":28,"4":28,"5":28,"6":82,"7":28,"8":1,"9":50,"10":50,"11":2,"12":48,"13":48,"14":6,"15":1,"16":5,"17":5,"18":5,"19":4,"20":4,"21":4,"22":12,"23":5,"24":4,"25":5,"26":5,"27":5,"28":5,"29":15,"30":5,"31":5,"32":4,"33":4,"34":4,"35":4,"36":12,"37":4,"38":4,"39":4,"40":4,"41":9,"42":2,"43":2,"44":2},"f":{"0":28,"1":1,"2":50,"3":6,"4":4,"5":5,"6":4,"7":4},"b":{"0":[2],"1":[1],"2":[6,6,6],"3":[5],"4":[5],"5":[15,11],"6":[4],"7":[12,9],"8":[2],"9":[9,6]}}
,"/Users/leon/WorkSpace/parking_lot_assignment/src/index.ts": {"path":"/Users/leon/WorkSpace/parking_lot_assignment/src/index.ts","statementMap":{"0":{"start":{"line":1,"column":0},"end":{"line":1,"column":25}},"1":{"start":{"line":2,"column":0},"end":{"line":2,"column":37}},"2":{"start":{"line":3,"column":0},"end":{"line":3,"column":50}},"3":{"start":{"line":7,"column":16},"end":{"line":7,"column":36}},"4":{"start":{"line":13,"column":17},"end":{"line":13,"column":38}},"5":{"start":{"line":14,"column":2},"end":{"line":16,"column":3}},"6":{"start":{"line":15,"column":4},"end":{"line":15,"column":24}},"7":{"start":{"line":19,"column":18},"end":{"line":19,"column":33}},"8":{"start":{"line":21,"column":0},"end":{"line":43,"column":1}},"9":{"start":{"line":23,"column":19},"end":{"line":23,"column":53}},"10":{"start":{"line":24,"column":16},"end":{"line":24,"column":36}},"11":{"start":{"line":25,"column":2},"end":{"line":27,"column":3}},"12":{"start":{"line":26,"column":4},"end":{"line":26,"column":22}},"13":{"start":{"line":30,"column":13},"end":{"line":34,"column":4}},"14":{"start":{"line":36,"column":2},"end":{"line":42,"column":5}},"15":{"start":{"line":37,"column":4},"end":{"line":40,"column":5}},"16":{"start":{"line":38,"column":6},"end":{"line":38,"column":17}},"17":{"start":{"line":39,"column":6},"end":{"line":39,"column":13}},"18":{"start":{"line":41,"column":4},"end":{"line":41,"column":22}}},"fnMap":{"0":{"name":"processLine","decl":{"start":{"line":12,"column":9},"end":{"line":12,"column":20}},"loc":{"start":{"line":12,"column":33},"end":{"line":17,"column":1}}},"1":{"name":"(anonymous_10)","decl":{"start":{"line":36,"column":16},"end":{"line":36,"column":17}},"loc":{"start":{"line":36,"column":33},"end":{"line":42,"column":3}}}},"branchMap":{"0":{"loc":{"start":{"line":14,"column":2},"end":{"line":16,"column":3}},"type":"if","locations":[{"start":{"line":14,"column":2},"end":{"line":16,"column":3}}]},"1":{"loc":{"start":{"line":21,"column":0},"end":{"line":43,"column":1}},"type":"if","locations":[{"start":{"line":21,"column":0},"end":{"line":43,"column":1}},{"start":{"line":28,"column":7},"end":{"line":43,"column":1}}]},"2":{"loc":{"start":{"line":37,"column":4},"end":{"line":40,"column":5}},"type":"if","locations":[{"start":{"line":37,"column":4},"end":{"line":40,"column":5}}]}},"s":{"0":0,"1":0,"2":0,"3":0,"4":0,"5":0,"6":0,"7":0,"8":0,"9":0,"10":0,"11":0,"12":0,"13":0,"14":0,"15":0,"16":0,"17":0,"18":0},"f":{"0":0,"1":0},"b":{"0":[0],"1":[0,0],"2":[0]}}
}
