TN:
SF:src/CommandHandler.ts
FN:10,(anonymous_0)
FN:19,(anonymous_1)
FN:58,(anonymous_2)
FN:63,(anonymous_3)
FN:68,(anonymous_4)
FN:73,(anonymous_5)
FN:77,(anonymous_6)
FN:82,(anonymous_7)
FN:87,(anonymous_8)
FN:92,(anonymous_9)
FNF:10
FNH:10
FNDA:14,(anonymous_0)
FNDA:45,(anonymous_1)
FNDA:11,(anonymous_2)
FNDA:23,(anonymous_3)
FNDA:1,(anonymous_4)
FNDA:1,(anonymous_5)
FNDA:2,(anonymous_6)
FNDA:2,(anonymous_7)
FNDA:2,(anonymous_8)
FNDA:2,(anonymous_9)
DA:1,1
DA:7,1
DA:11,14
DA:20,45
DA:21,45
DA:23,44
DA:24,44
DA:26,44
DA:28,11
DA:31,23
DA:34,1
DA:37,1
DA:40,2
DA:43,2
DA:46,2
DA:49,1
DA:52,1
DA:59,11
DA:60,11
DA:64,23
DA:65,23
DA:69,1
DA:70,1
DA:74,1
DA:75,1
DA:76,1
DA:77,2
DA:79,1
DA:83,2
DA:84,2
DA:88,2
DA:89,2
DA:93,2
DA:94,2
LF:34
LH:34
BRDA:21,0,0,1
BRDA:26,1,0,11
BRDA:26,1,1,23
BRDA:26,1,2,1
BRDA:26,1,3,1
BRDA:26,1,4,2
BRDA:26,1,5,2
BRDA:26,1,6,2
BRDA:26,1,7,1
BRDA:26,1,8,1
BRDA:84,2,0,1
BRDA:84,2,1,1
BRDA:89,3,0,1
BRDA:89,3,1,1
BRDA:94,4,0,1
BRDA:94,4,1,1
BRF:16
BRH:16
end_of_record
TN:
SF:src/MinHeap.ts
FN:12,(anonymous_0)
FN:22,(anonymous_1)
FN:29,(anonymous_2)
FN:36,(anonymous_3)
FN:44,(anonymous_4)
FN:56,(anonymous_5)
FN:65,(anonymous_6)
FNF:7
FNH:7
FNDA:37,(anonymous_0)
FNDA:14,(anonymous_1)
FNDA:4,(anonymous_2)
FNDA:108,(anonymous_3)
FNDA:63,(anonymous_4)
FNDA:108,(anonymous_5)
FNDA:44,(anonymous_6)
DA:5,3
DA:13,37
DA:14,37
DA:15,93
DA:23,14
DA:30,4
DA:37,108
DA:38,108
DA:45,63
DA:46,59
DA:48,44
DA:49,44
DA:50,44
DA:51,44
DA:57,108
DA:58,76
DA:59,76
DA:60,14
DA:61,14
DA:66,44
DA:67,44
DA:68,64
DA:69,64
DA:70,64
DA:72,64
DA:73,20
DA:75,64
DA:76,1
DA:78,64
DA:80,20
DA:81,20
LF:31
LH:31
BRDA:12,0,0,6
BRDA:45,1,0,4
BRDA:46,2,0,15
BRDA:59,3,0,62
BRDA:72,4,0,20
BRDA:72,5,0,64
BRDA:72,5,1,22
BRDA:75,6,0,1
BRDA:75,7,0,64
BRDA:75,7,1,2
BRDA:78,8,0,44
BRF:11
BRH:11
end_of_record
TN:
SF:src/ParkingLot.ts
FN:42,(anonymous_0)
FN:57,(anonymous_1)
FN:64,(anonymous_2)
FN:76,(anonymous_3)
FN:88,(anonymous_4)
FN:105,(anonymous_5)
FN:119,(anonymous_6)
FN:133,(anonymous_7)
FNF:8
FNH:8
FNDA:28,(anonymous_0)
FNDA:1,(anonymous_1)
FNDA:50,(anonymous_2)
FNDA:6,(anonymous_3)
FNDA:4,(anonymous_4)
FNDA:5,(anonymous_5)
FNDA:4,(anonymous_6)
FNDA:4,(anonymous_7)
DA:1,2
DA:33,2
DA:43,28
DA:45,28
DA:47,28
DA:48,28
DA:49,82
DA:51,28
DA:58,1
DA:65,50
DA:66,50
DA:67,2
DA:69,48
DA:70,48
DA:77,6
DA:78,1
DA:80,5
DA:81,5
DA:82,5
DA:89,4
DA:90,4
DA:91,12
DA:92,5
DA:99,4
DA:106,5
DA:107,5
DA:108,5
DA:109,15
DA:110,5
DA:113,5
DA:120,4
DA:121,4
DA:122,4
DA:123,12
DA:124,4
DA:127,4
DA:134,4
DA:135,9
DA:136,2
DA:139,2
LF:40
LH:40
BRDA:66,0,0,2
BRDA:77,1,0,1
BRDA:77,2,0,6
BRDA:77,2,1,6
BRDA:77,2,2,6
BRDA:91,3,0,5
BRDA:109,4,0,5
BRDA:109,5,0,15
BRDA:109,5,1,11
BRDA:123,6,0,4
BRDA:123,7,0,12
BRDA:123,7,1,9
BRDA:135,8,0,2
BRDA:135,9,0,9
BRDA:135,9,1,6
BRF:15
BRH:15
end_of_record
TN:
SF:src/index.ts
FN:12,processLine
FN:36,(anonymous_10)
FNF:2
FNH:0
FNDA:0,processLine
FNDA:0,(anonymous_10)
DA:1,0
DA:2,0
DA:3,0
DA:7,0
DA:13,0
DA:14,0
DA:15,0
DA:19,0
DA:21,0
DA:23,0
DA:24,0
DA:25,0
DA:26,0
DA:30,0
DA:36,0
DA:37,0
DA:38,0
DA:39,0
DA:41,0
LF:19
LH:0
BRDA:14,0,0,0
BRDA:21,1,0,0
BRDA:21,1,1,0
BRDA:37,2,0,0
BRF:4
BRH:0
end_of_record
